<?xml version="1.0" encoding="UTF-8"?>
<!-- Generated by org.testng.reporters.JUnitReportReporter -->
<testsuite hostname="DESKTOP-51JIPKB" failures="0" tests="1" name="cucumberOptions.TestNGTestRunner" time="9.068" errors="0" timestamp="2023-11-23T07:24:34 EST" skipped="0">
  <testcase classname="cucumberOptions.TestNGTestRunner" name="runScenario" time="9.068"/>
</testsuite> <!-- cucumberOptions.TestNGTestRunner -->
